<?xml version="1.0" encoding="UTF-8" standalone="no"?><testsuite errors="0" failures="2" hostname="nas-10-241-43-54.york.ac.uk" name="default.test_spider" tests="2" time="0.260000"><properties>
[...]
</properties><testcase classname="default.test_spider" name="testCase1" time="0.00100000"><failure message="Internal error: Expected 0, but got 1 instead&#10;&#9;at org.eclipse.epsilon.eol.execute.operations.contributors.BasicEUnitOperationContributor.compareGeneric[BasicEUnitOperationContributor.java:96]&#10;&#9;at org.eclipse.epsilon.eol.execute.operations.contributors.BasicEUnitOperationContributor.assertEquals[BasicEUnitOperationContributor.java:53]&#10;&#9;at org.eclipse.epsilon.eol.execute.operations.contributors.BasicEUnitOperationContributor.assertEquals[BasicEUnitOperationContributor.java:49]&#10;&#9;at sun.reflect.NativeMethodAccessorImpl.invoke0[Native Method]&#10;&#9;at sun.reflect.NativeMethodAccessorImpl.invoke[NativeMethodAccessorImpl.java:62]&#10;&#9;at sun.reflect.DelegatingMethodAccessorImpl.invoke[DelegatingMethodAccessorImpl.java:43]&#10;&#9;at java.lang.reflect.Method.invoke[Method.java:498]&#10;&#9;at org.eclipse.epsilon.eol.util.ReflectionUtil.executeMethod[ReflectionUtil.java:186]&#10;&#9;at org.eclipse.epsilon.eol.util.ReflectionUtil.executeMethod[ReflectionUtil.java:162]&#10;&#9;at org.eclipse.epsilon.eol.execute.introspection.java.ObjectMethod.execute[ObjectMethod.java:48]&#10;&#9;at org.eclipse.epsilon.eol.dom.OperationCallExpression.execute[OperationCallExpression.java:145]&#10;&#9;at org.eclipse.epsilon.eol.execute.ExecutorFactory.execute[ExecutorFactory.java:99]&#10;&#9;at org.eclipse.epsilon.eol.dom.ExpressionStatement.execute[ExpressionStatement.java:33]&#10;&#9;at org.eclipse.epsilon.eol.execute.ExecutorFactory.execute[ExecutorFactory.java:99]&#10;&#9;at org.eclipse.epsilon.eol.dom.StatementBlock.execute[StatementBlock.java:58]&#10;&#9;at org.eclipse.epsilon.eol.execute.ExecutorFactory.execute[ExecutorFactory.java:99]&#10;&#9;at org.eclipse.epsilon.eol.dom.Operation.executeBody[Operation.java:200]&#10;&#9;at org.eclipse.epsilon.eol.dom.Operation.execute[Operation.java:183]&#10;&#9;at org.eclipse.epsilon.eunit.EUnitModule.runLeafTestCase[EUnitModule.java:415]&#10;&#9;at org.eclipse.epsilon.eunit.EUnitModule.runSuiteInternal[EUnitModule.java:343]&#10;&#9;at org.eclipse.epsilon.eunit.EUnitModule.runSuite[EUnitModule.java:167]&#10;&#9;at org.eclipse.epsilon.eunit.EUnitModule.runInnerTestCase[EUnitModule.java:370]&#10;&#9;at org.eclipse.epsilon.eunit.EUnitModule.runSuiteInternal[EUnitModule.java:345]&#10;&#9;at org.eclipse.epsilon.eunit.EUnitModule.runSuite[EUnitModule.java:167]&#10;&#9;at org.eclipse.epsilon.eunit.EUnitModule.executeImpl[EUnitModule.java:128]&#10;&#9;at org.eclipse.epsilon.eol.execute.ExecutorFactory.execute[ExecutorFactory.java:102]&#10;&#9;at org.eclipse.epsilon.eol.EolModule.execute[EolModule.java:413]&#10;&#9;at org.eclipse.epsilon.workflow.tasks.ExecutableModuleTask.executeImpl[ExecutableModuleTask.java:216]&#10;&#9;at org.eclipse.epsilon.workflow.tasks.EpsilonTask.execute[EpsilonTask.java:39]&#10;&#9;at org.apache.tools.ant.UnknownElement.execute[UnknownElement.java:292]&#10;&#9;at sun.reflect.NativeMethodAccessorImpl.invoke0[Native Method]&#10;&#9;at sun.reflect.NativeMethodAccessorImpl.invoke[NativeMethodAccessorImpl.java:62]&#10;&#9;at sun.reflect.DelegatingMethodAccessorImpl.invoke[DelegatingMethodAccessorImpl.java:43]&#10;&#9;at java.lang.reflect.Method.invoke[Method.java:498]&#10;&#9;at org.apache.tools.ant.dispatch.DispatchUtils.execute[DispatchUtils.java:106]&#10;&#9;at org.apache.tools.ant.Task.perform[Task.java:350]&#10;&#9;at org.apache.tools.ant.Target.execute[Target.java:448]&#10;&#9;at org.apache.tools.ant.Target.performTasks[Target.java:469]&#10;&#9;at org.apache.tools.ant.Project.executeSortedTargets[Project.java:1399]&#10;&#9;at org.apache.tools.ant.Project.executeTarget[Project.java:1370]&#10;&#9;at org.apache.tools.ant.helper.DefaultExecutor.executeTargets[DefaultExecutor.java:41]&#10;&#9;at org.eclipse.ant.internal.core.ant.EclipseDefaultExecutor.executeTargets[EclipseDefaultExecutor.java:36]&#10;&#9;at org.apache.tools.ant.Project.executeTargets[Project.java:1260]&#10;&#9;at org.eclipse.ant.internal.core.ant.InternalAntRunner.run[InternalAntRunner.java:712]&#10;&#9;at org.eclipse.ant.internal.core.ant.InternalAntRunner.run[InternalAntRunner.java:532]&#10;&#9;at sun.reflect.NativeMethodAccessorImpl.invoke0[Native Method]&#10;&#9;at sun.reflect.NativeMethodAccessorImpl.invoke[NativeMethodAccessorImpl.java:62]&#10;&#9;at sun.reflect.DelegatingMethodAccessorImpl.invoke[DelegatingMethodAccessorImpl.java:43]&#10;&#9;at java.lang.reflect.Method.invoke[Method.java:498]&#10;&#9;at org.eclipse.ant.core.AntRunner.run[AntRunner.java:371]&#10;&#9;at org.eclipse.ant.internal.launching.launchConfigurations.AntLaunchDelegate.lambda$0[AntLaunchDelegate.java:268]&#10;&#9;at java.lang.Thread.run[Thread.java:748]&#10;&#13;&#10;&#9;at (/Users/zhangpengyu/Downloads/org.eclipse.epsilon-1.51/plugins/org.eclipse.epsilon.eol.engine/src/org/eclipse/epsilon/eol/coverage/test_spider.eunit@9:1-9:28)&#13;&#10;&#9;at (/Users/zhangpengyu/Downloads/org.eclipse.epsilon-1.51/plugins/org.eclipse.epsilon.eol.engine/src/org/eclipse/epsilon/eol/coverage/test_spider.eunit@9:1-9:28)&#13;&#10;&#9;at (/Users/zhangpengyu/Downloads/org.eclipse.epsilon-1.51/plugins/org.eclipse.epsilon.eol.engine/src/org/eclipse/epsilon/eol/coverage/test_spider.eunit@8:21-11:1)&#13;&#10;&#9;at (/Users/zhangpengyu/Downloads/org.eclipse.epsilon-1.51/plugins/org.eclipse.epsilon.eol.engine/src/org/eclipse/epsilon/eol/coverage/test_spider.eunit@4:1-4:24)&#13;&#10;&#9;at (/Users/zhangpengyu/Downloads/org.eclipse.epsilon-1.51/plugins/org.eclipse.epsilon.eol.engine/src/org/eclipse/epsilon/eol/coverage/test_spider.eunit@4:1-4:24)&#13;&#10;&#9;at (/Users/zhangpengyu/Downloads/org.eclipse.epsilon-1.51/plugins/org.eclipse.epsilon.eol.engine/src/org/eclipse/epsilon/eol/coverage/test_spider.eunit@3:21-5:1)&#13;&#10;&#9;at (/Users/zhangpengyu/Downloads/org.eclipse.epsilon-1.51/plugins/org.eclipse.epsilon.eol.engine/src/org/eclipse/epsilon/eol/coverage/test_spider.eunit@1:0-11:1)&#13;&#10;" type="org.eclipse.epsilon.eol.exceptions.EolInternalException">Internal error: Expected 0, but got 1 instead
	at org.eclipse.epsilon.eol.execute.operations.contributors.BasicEUnitOperationContributor.compareGeneric[BasicEUnitOperationContributor.java:96]
	at org.eclipse.epsilon.eol.execute.operations.contributors.BasicEUnitOperationContributor.assertEquals[BasicEUnitOperationContributor.java:53]
	at org.eclipse.epsilon.eol.execute.operations.contributors.BasicEUnitOperationContributor.assertEquals[BasicEUnitOperationContributor.java:49]
	at sun.reflect.NativeMethodAccessorImpl.invoke0[Native Method]
	at sun.reflect.NativeMethodAccessorImpl.invoke[NativeMethodAccessorImpl.java:62]
	at sun.reflect.DelegatingMethodAccessorImpl.invoke[DelegatingMethodAccessorImpl.java:43]
	at java.lang.reflect.Method.invoke[Method.java:498]
	at org.eclipse.epsilon.eol.util.ReflectionUtil.executeMethod[ReflectionUtil.java:186]
	at org.eclipse.epsilon.eol.util.ReflectionUtil.executeMethod[ReflectionUtil.java:162]
	at org.eclipse.epsilon.eol.execute.introspection.java.ObjectMethod.execute[ObjectMethod.java:48]
	at org.eclipse.epsilon.eol.dom.OperationCallExpression.execute[OperationCallExpression.java:145]
	at org.eclipse.epsilon.eol.execute.ExecutorFactory.execute[ExecutorFactory.java:99]
	at org.eclipse.epsilon.eol.dom.ExpressionStatement.execute[ExpressionStatement.java:33]
	at org.eclipse.epsilon.eol.execute.ExecutorFactory.execute[ExecutorFactory.java:99]
	at org.eclipse.epsilon.eol.dom.StatementBlock.execute[StatementBlock.java:58]
	at org.eclipse.epsilon.eol.execute.ExecutorFactory.execute[ExecutorFactory.java:99]
	at org.eclipse.epsilon.eol.dom.Operation.executeBody[Operation.java:200]
	at org.eclipse.epsilon.eol.dom.Operation.execute[Operation.java:183]
	at org.eclipse.epsilon.eunit.EUnitModule.runLeafTestCase[EUnitModule.java:415]
	at org.eclipse.epsilon.eunit.EUnitModule.runSuiteInternal[EUnitModule.java:343]
	at org.eclipse.epsilon.eunit.EUnitModule.runSuite[EUnitModule.java:167]
	at org.eclipse.epsilon.eunit.EUnitModule.runInnerTestCase[EUnitModule.java:370]
	at org.eclipse.epsilon.eunit.EUnitModule.runSuiteInternal[EUnitModule.java:345]
	at org.eclipse.epsilon.eunit.EUnitModule.runSuite[EUnitModule.java:167]
	at org.eclipse.epsilon.eunit.EUnitModule.executeImpl[EUnitModule.java:128]
	at org.eclipse.epsilon.eol.execute.ExecutorFactory.execute[ExecutorFactory.java:102]
	at org.eclipse.epsilon.eol.EolModule.execute[EolModule.java:413]
	at org.eclipse.epsilon.workflow.tasks.ExecutableModuleTask.executeImpl[ExecutableModuleTask.java:216]
	at org.eclipse.epsilon.workflow.tasks.EpsilonTask.execute[EpsilonTask.java:39]
	at org.apache.tools.ant.UnknownElement.execute[UnknownElement.java:292]
	at sun.reflect.NativeMethodAccessorImpl.invoke0[Native Method]
	at sun.reflect.NativeMethodAccessorImpl.invoke[NativeMethodAccessorImpl.java:62]
	at sun.reflect.DelegatingMethodAccessorImpl.invoke[DelegatingMethodAccessorImpl.java:43]
	at java.lang.reflect.Method.invoke[Method.java:498]
	at org.apache.tools.ant.dispatch.DispatchUtils.execute[DispatchUtils.java:106]
	at org.apache.tools.ant.Task.perform[Task.java:350]
	at org.apache.tools.ant.Target.execute[Target.java:448]
	at org.apache.tools.ant.Target.performTasks[Target.java:469]
	at org.apache.tools.ant.Project.executeSortedTargets[Project.java:1399]
	at org.apache.tools.ant.Project.executeTarget[Project.java:1370]
	at org.apache.tools.ant.helper.DefaultExecutor.executeTargets[DefaultExecutor.java:41]
	at org.eclipse.ant.internal.core.ant.EclipseDefaultExecutor.executeTargets[EclipseDefaultExecutor.java:36]
	at org.apache.tools.ant.Project.executeTargets[Project.java:1260]
	at org.eclipse.ant.internal.core.ant.InternalAntRunner.run[InternalAntRunner.java:712]
	at org.eclipse.ant.internal.core.ant.InternalAntRunner.run[InternalAntRunner.java:532]
	at sun.reflect.NativeMethodAccessorImpl.invoke0[Native Method]
	at sun.reflect.NativeMethodAccessorImpl.invoke[NativeMethodAccessorImpl.java:62]
	at sun.reflect.DelegatingMethodAccessorImpl.invoke[DelegatingMethodAccessorImpl.java:43]
	at java.lang.reflect.Method.invoke[Method.java:498]
	at org.eclipse.ant.core.AntRunner.run[AntRunner.java:371]
	at org.eclipse.ant.internal.launching.launchConfigurations.AntLaunchDelegate.lambda$0[AntLaunchDelegate.java:268]
	at java.lang.Thread.run[Thread.java:748]
&#13;
	at (/Users/zhangpengyu/Downloads/org.eclipse.epsilon-1.51/plugins/org.eclipse.epsilon.eol.engine/src/org/eclipse/epsilon/eol/coverage/test_spider.eunit@9:1-9:28)&#13;
	at (/Users/zhangpengyu/Downloads/org.eclipse.epsilon-1.51/plugins/org.eclipse.epsilon.eol.engine/src/org/eclipse/epsilon/eol/coverage/test_spider.eunit@9:1-9:28)&#13;
	at (/Users/zhangpengyu/Downloads/org.eclipse.epsilon-1.51/plugins/org.eclipse.epsilon.eol.engine/src/org/eclipse/epsilon/eol/coverage/test_spider.eunit@8:21-11:1)&#13;
	at (/Users/zhangpengyu/Downloads/org.eclipse.epsilon-1.51/plugins/org.eclipse.epsilon.eol.engine/src/org/eclipse/epsilon/eol/coverage/test_spider.eunit@4:1-4:24)&#13;
	at (/Users/zhangpengyu/Downloads/org.eclipse.epsilon-1.51/plugins/org.eclipse.epsilon.eol.engine/src/org/eclipse/epsilon/eol/coverage/test_spider.eunit@4:1-4:24)&#13;
	at (/Users/zhangpengyu/Downloads/org.eclipse.epsilon-1.51/plugins/org.eclipse.epsilon.eol.engine/src/org/eclipse/epsilon/eol/coverage/test_spider.eunit@3:21-5:1)&#13;
	at (/Users/zhangpengyu/Downloads/org.eclipse.epsilon-1.51/plugins/org.eclipse.epsilon.eol.engine/src/org/eclipse/epsilon/eol/coverage/test_spider.eunit@1:0-11:1)&#13;

	at org.eclipse.epsilon.eol.execute.operations.contributors.BasicEUnitOperationContributor.compareGeneric(BasicEUnitOperationContributor.java:96)
	at org.eclipse.epsilon.eol.execute.operations.contributors.BasicEUnitOperationContributor.assertEquals(BasicEUnitOperationContributor.java:53)
	at org.eclipse.epsilon.eol.execute.operations.contributors.BasicEUnitOperationContributor.assertEquals(BasicEUnitOperationContributor.java:49)
	at sun.reflect.NativeMethodAccessorImpl.invoke0(Native Method)
	at sun.reflect.NativeMethodAccessorImpl.invoke(NativeMethodAccessorImpl.java:62)
	at sun.reflect.DelegatingMethodAccessorImpl.invoke(DelegatingMethodAccessorImpl.java:43)
	at java.lang.reflect.Method.invoke(Method.java:498)
	at org.eclipse.epsilon.eol.util.ReflectionUtil.executeMethod(ReflectionUtil.java:186)
	at org.eclipse.epsilon.eol.util.ReflectionUtil.executeMethod(ReflectionUtil.java:162)
	at org.eclipse.epsilon.eol.execute.introspection.java.ObjectMethod.execute(ObjectMethod.java:48)
	at org.eclipse.epsilon.eol.dom.OperationCallExpression.execute(OperationCallExpression.java:145)
	at org.eclipse.epsilon.eol.execute.ExecutorFactory.execute(ExecutorFactory.java:99)
	at org.eclipse.epsilon.eol.dom.ExpressionStatement.execute(ExpressionStatement.java:33)
	at org.eclipse.epsilon.eol.execute.ExecutorFactory.execute(ExecutorFactory.java:99)
	at org.eclipse.epsilon.eol.dom.StatementBlock.execute(StatementBlock.java:58)
	at org.eclipse.epsilon.eol.execute.ExecutorFactory.execute(ExecutorFactory.java:99)
	at org.eclipse.epsilon.eol.dom.Operation.executeBody(Operation.java:200)
	at org.eclipse.epsilon.eol.dom.Operation.execute(Operation.java:183)
	at org.eclipse.epsilon.eunit.EUnitModule.runLeafTestCase(EUnitModule.java:415)
	at org.eclipse.epsilon.eunit.EUnitModule.runSuiteInternal(EUnitModule.java:343)
	at org.eclipse.epsilon.eunit.EUnitModule.runSuite(EUnitModule.java:167)
	at org.eclipse.epsilon.eunit.EUnitModule.runInnerTestCase(EUnitModule.java:370)
	at org.eclipse.epsilon.eunit.EUnitModule.runSuiteInternal(EUnitModule.java:345)
	at org.eclipse.epsilon.eunit.EUnitModule.runSuite(EUnitModule.java:167)
	at org.eclipse.epsilon.eunit.EUnitModule.executeImpl(EUnitModule.java:128)
	at org.eclipse.epsilon.eol.execute.ExecutorFactory.execute(ExecutorFactory.java:102)
	at org.eclipse.epsilon.eol.EolModule.execute(EolModule.java:413)
	at org.eclipse.epsilon.workflow.tasks.ExecutableModuleTask.executeImpl(ExecutableModuleTask.java:216)
	at org.eclipse.epsilon.workflow.tasks.EpsilonTask.execute(EpsilonTask.java:39)
	at org.apache.tools.ant.UnknownElement.execute(UnknownElement.java:292)
	at sun.reflect.NativeMethodAccessorImpl.invoke0(Native Method)
	at sun.reflect.NativeMethodAccessorImpl.invoke(NativeMethodAccessorImpl.java:62)
	at sun.reflect.DelegatingMethodAccessorImpl.invoke(DelegatingMethodAccessorImpl.java:43)
	at java.lang.reflect.Method.invoke(Method.java:498)
	at org.apache.tools.ant.dispatch.DispatchUtils.execute(DispatchUtils.java:106)
	at org.apache.tools.ant.Task.perform(Task.java:350)
	at org.apache.tools.ant.Target.execute(Target.java:448)
	at org.apache.tools.ant.Target.performTasks(Target.java:469)
	at org.apache.tools.ant.Project.executeSortedTargets(Project.java:1399)
	at org.apache.tools.ant.Project.executeTarget(Project.java:1370)
	at org.apache.tools.ant.helper.DefaultExecutor.executeTargets(DefaultExecutor.java:41)
	at org.eclipse.ant.internal.core.ant.EclipseDefaultExecutor.executeTargets(EclipseDefaultExecutor.java:36)
	at org.apache.tools.ant.Project.executeTargets(Project.java:1260)
	at org.eclipse.ant.internal.core.ant.InternalAntRunner.run(InternalAntRunner.java:712)
	at org.eclipse.ant.internal.core.ant.InternalAntRunner.run(InternalAntRunner.java:532)
	at sun.reflect.NativeMethodAccessorImpl.invoke0(Native Method)
	at sun.reflect.NativeMethodAccessorImpl.invoke(NativeMethodAccessorImpl.java:62)
	at sun.reflect.DelegatingMethodAccessorImpl.invoke(DelegatingMethodAccessorImpl.java:43)
	at java.lang.reflect.Method.invoke(Method.java:498)
	at org.eclipse.ant.core.AntRunner.run(AntRunner.java:371)
	at org.eclipse.ant.internal.launching.launchConfigurations.AntLaunchDelegate.lambda$0(AntLaunchDelegate.java:268)
	at java.lang.Thread.run(Thread.java:748)
Caused by: Expected 0, but got 1 instead
	... 52 more
</failure></testcase><testcase classname="default.test_spider" name="testCase2" time="0.00200000"><failure message="Internal error: Expected 5050, but got 5500 instead&#10;&#9;at org.eclipse.epsilon.eol.execute.operations.contributors.BasicEUnitOperationContributor.compareGeneric[BasicEUnitOperationContributor.java:96]&#10;&#9;at org.eclipse.epsilon.eol.execute.operations.contributors.BasicEUnitOperationContributor.assertEquals[BasicEUnitOperationContributor.java:53]&#10;&#9;at org.eclipse.epsilon.eol.execute.operations.contributors.BasicEUnitOperationContributor.assertEquals[BasicEUnitOperationContributor.java:49]&#10;&#9;at sun.reflect.NativeMethodAccessorImpl.invoke0[Native Method]&#10;&#9;at sun.reflect.NativeMethodAccessorImpl.invoke[NativeMethodAccessorImpl.java:62]&#10;&#9;at sun.reflect.DelegatingMethodAccessorImpl.invoke[DelegatingMethodAccessorImpl.java:43]&#10;&#9;at java.lang.reflect.Method.invoke[Method.java:498]&#10;&#9;at org.eclipse.epsilon.eol.util.ReflectionUtil.executeMethod[ReflectionUtil.java:186]&#10;&#9;at org.eclipse.epsilon.eol.util.ReflectionUtil.executeMethod[ReflectionUtil.java:162]&#10;&#9;at org.eclipse.epsilon.eol.execute.introspection.java.ObjectMethod.execute[ObjectMethod.java:48]&#10;&#9;at org.eclipse.epsilon.eol.dom.OperationCallExpression.execute[OperationCallExpression.java:145]&#10;&#9;at org.eclipse.epsilon.eol.execute.ExecutorFactory.execute[ExecutorFactory.java:99]&#10;&#9;at org.eclipse.epsilon.eol.dom.ExpressionStatement.execute[ExpressionStatement.java:33]&#10;&#9;at org.eclipse.epsilon.eol.execute.ExecutorFactory.execute[ExecutorFactory.java:99]&#10;&#9;at org.eclipse.epsilon.eol.dom.StatementBlock.execute[StatementBlock.java:58]&#10;&#9;at org.eclipse.epsilon.eol.execute.ExecutorFactory.execute[ExecutorFactory.java:99]&#10;&#9;at org.eclipse.epsilon.eol.dom.Operation.executeBody[Operation.java:200]&#10;&#9;at org.eclipse.epsilon.eol.dom.Operation.execute[Operation.java:183]&#10;&#9;at org.eclipse.epsilon.eunit.EUnitModule.runLeafTestCase[EUnitModule.java:415]&#10;&#9;at org.eclipse.epsilon.eunit.EUnitModule.runSuiteInternal[EUnitModule.java:343]&#10;&#9;at org.eclipse.epsilon.eunit.EUnitModule.runSuite[EUnitModule.java:167]&#10;&#9;at org.eclipse.epsilon.eunit.EUnitModule.runInnerTestCase[EUnitModule.java:370]&#10;&#9;at org.eclipse.epsilon.eunit.EUnitModule.runSuiteInternal[EUnitModule.java:345]&#10;&#9;at org.eclipse.epsilon.eunit.EUnitModule.runSuite[EUnitModule.java:167]&#10;&#9;at org.eclipse.epsilon.eunit.EUnitModule.executeImpl[EUnitModule.java:128]&#10;&#9;at org.eclipse.epsilon.eol.execute.ExecutorFactory.execute[ExecutorFactory.java:102]&#10;&#9;at org.eclipse.epsilon.eol.EolModule.execute[EolModule.java:413]&#10;&#9;at org.eclipse.epsilon.workflow.tasks.ExecutableModuleTask.executeImpl[ExecutableModuleTask.java:216]&#10;&#9;at org.eclipse.epsilon.workflow.tasks.EpsilonTask.execute[EpsilonTask.java:39]&#10;&#9;at org.apache.tools.ant.UnknownElement.execute[UnknownElement.java:292]&#10;&#9;at sun.reflect.NativeMethodAccessorImpl.invoke0[Native Method]&#10;&#9;at sun.reflect.NativeMethodAccessorImpl.invoke[NativeMethodAccessorImpl.java:62]&#10;&#9;at sun.reflect.DelegatingMethodAccessorImpl.invoke[DelegatingMethodAccessorImpl.java:43]&#10;&#9;at java.lang.reflect.Method.invoke[Method.java:498]&#10;&#9;at org.apache.tools.ant.dispatch.DispatchUtils.execute[DispatchUtils.java:106]&#10;&#9;at org.apache.tools.ant.Task.perform[Task.java:350]&#10;&#9;at org.apache.tools.ant.Target.execute[Target.java:448]&#10;&#9;at org.apache.tools.ant.Target.performTasks[Target.java:469]&#10;&#9;at org.apache.tools.ant.Project.executeSortedTargets[Project.java:1399]&#10;&#9;at org.apache.tools.ant.Project.executeTarget[Project.java:1370]&#10;&#9;at org.apache.tools.ant.helper.DefaultExecutor.executeTargets[DefaultExecutor.java:41]&#10;&#9;at org.eclipse.ant.internal.core.ant.EclipseDefaultExecutor.executeTargets[EclipseDefaultExecutor.java:36]&#10;&#9;at org.apache.tools.ant.Project.executeTargets[Project.java:1260]&#10;&#9;at org.eclipse.ant.internal.core.ant.InternalAntRunner.run[InternalAntRunner.java:712]&#10;&#9;at org.eclipse.ant.internal.core.ant.InternalAntRunner.run[InternalAntRunner.java:532]&#10;&#9;at sun.reflect.NativeMethodAccessorImpl.invoke0[Native Method]&#10;&#9;at sun.reflect.NativeMethodAccessorImpl.invoke[NativeMethodAccessorImpl.java:62]&#10;&#9;at sun.reflect.DelegatingMethodAccessorImpl.invoke[DelegatingMethodAccessorImpl.java:43]&#10;&#9;at java.lang.reflect.Method.invoke[Method.java:498]&#10;&#9;at org.eclipse.ant.core.AntRunner.run[AntRunner.java:371]&#10;&#9;at org.eclipse.ant.internal.launching.launchConfigurations.AntLaunchDelegate.lambda$0[AntLaunchDelegate.java:268]&#10;&#9;at java.lang.Thread.run[Thread.java:748]&#10;&#13;&#10;&#9;at (/Users/zhangpengyu/Downloads/org.eclipse.epsilon-1.51/plugins/org.eclipse.epsilon.eol.engine/src/org/eclipse/epsilon/eol/coverage/test_spider.eunit@9:1-9:28)&#13;&#10;&#9;at (/Users/zhangpengyu/Downloads/org.eclipse.epsilon-1.51/plugins/org.eclipse.epsilon.eol.engine/src/org/eclipse/epsilon/eol/coverage/test_spider.eunit@9:1-9:28)&#13;&#10;&#9;at (/Users/zhangpengyu/Downloads/org.eclipse.epsilon-1.51/plugins/org.eclipse.epsilon.eol.engine/src/org/eclipse/epsilon/eol/coverage/test_spider.eunit@8:21-11:1)&#13;&#10;&#9;at (/Users/zhangpengyu/Downloads/org.eclipse.epsilon-1.51/plugins/org.eclipse.epsilon.eol.engine/src/org/eclipse/epsilon/eol/coverage/test_spider.eunit@4:1-4:24)&#13;&#10;&#9;at (/Users/zhangpengyu/Downloads/org.eclipse.epsilon-1.51/plugins/org.eclipse.epsilon.eol.engine/src/org/eclipse/epsilon/eol/coverage/test_spider.eunit@4:1-4:24)&#13;&#10;&#9;at (/Users/zhangpengyu/Downloads/org.eclipse.epsilon-1.51/plugins/org.eclipse.epsilon.eol.engine/src/org/eclipse/epsilon/eol/coverage/test_spider.eunit@3:21-5:1)&#13;&#10;&#9;at (/Users/zhangpengyu/Downloads/org.eclipse.epsilon-1.51/plugins/org.eclipse.epsilon.eol.engine/src/org/eclipse/epsilon/eol/coverage/test_spider.eunit@1:0-11:1)&#13;&#10;" type="org.eclipse.epsilon.eol.exceptions.EolInternalException">Internal error: Expected 5050, but got 5500 instead
	at org.eclipse.epsilon.eol.execute.operations.contributors.BasicEUnitOperationContributor.compareGeneric[BasicEUnitOperationContributor.java:96]
	at org.eclipse.epsilon.eol.execute.operations.contributors.BasicEUnitOperationContributor.assertEquals[BasicEUnitOperationContributor.java:53]
	at org.eclipse.epsilon.eol.execute.operations.contributors.BasicEUnitOperationContributor.assertEquals[BasicEUnitOperationContributor.java:49]
	at sun.reflect.NativeMethodAccessorImpl.invoke0[Native Method]
	at sun.reflect.NativeMethodAccessorImpl.invoke[NativeMethodAccessorImpl.java:62]
	at sun.reflect.DelegatingMethodAccessorImpl.invoke[DelegatingMethodAccessorImpl.java:43]
	at java.lang.reflect.Method.invoke[Method.java:498]
	at org.eclipse.epsilon.eol.util.ReflectionUtil.executeMethod[ReflectionUtil.java:186]
	at org.eclipse.epsilon.eol.util.ReflectionUtil.executeMethod[ReflectionUtil.java:162]
	at org.eclipse.epsilon.eol.execute.introspection.java.ObjectMethod.execute[ObjectMethod.java:48]
	at org.eclipse.epsilon.eol.dom.OperationCallExpression.execute[OperationCallExpression.java:145]
	at org.eclipse.epsilon.eol.execute.ExecutorFactory.execute[ExecutorFactory.java:99]
	at org.eclipse.epsilon.eol.dom.ExpressionStatement.execute[ExpressionStatement.java:33]
	at org.eclipse.epsilon.eol.execute.ExecutorFactory.execute[ExecutorFactory.java:99]
	at org.eclipse.epsilon.eol.dom.StatementBlock.execute[StatementBlock.java:58]
	at org.eclipse.epsilon.eol.execute.ExecutorFactory.execute[ExecutorFactory.java:99]
	at org.eclipse.epsilon.eol.dom.Operation.executeBody[Operation.java:200]
	at org.eclipse.epsilon.eol.dom.Operation.execute[Operation.java:183]
	at org.eclipse.epsilon.eunit.EUnitModule.runLeafTestCase[EUnitModule.java:415]
	at org.eclipse.epsilon.eunit.EUnitModule.runSuiteInternal[EUnitModule.java:343]
	at org.eclipse.epsilon.eunit.EUnitModule.runSuite[EUnitModule.java:167]
	at org.eclipse.epsilon.eunit.EUnitModule.runInnerTestCase[EUnitModule.java:370]
	at org.eclipse.epsilon.eunit.EUnitModule.runSuiteInternal[EUnitModule.java:345]
	at org.eclipse.epsilon.eunit.EUnitModule.runSuite[EUnitModule.java:167]
	at org.eclipse.epsilon.eunit.EUnitModule.executeImpl[EUnitModule.java:128]
	at org.eclipse.epsilon.eol.execute.ExecutorFactory.execute[ExecutorFactory.java:102]
	at org.eclipse.epsilon.eol.EolModule.execute[EolModule.java:413]
	at org.eclipse.epsilon.workflow.tasks.ExecutableModuleTask.executeImpl[ExecutableModuleTask.java:216]
	at org.eclipse.epsilon.workflow.tasks.EpsilonTask.execute[EpsilonTask.java:39]
	at org.apache.tools.ant.UnknownElement.execute[UnknownElement.java:292]
	at sun.reflect.NativeMethodAccessorImpl.invoke0[Native Method]
	at sun.reflect.NativeMethodAccessorImpl.invoke[NativeMethodAccessorImpl.java:62]
	at sun.reflect.DelegatingMethodAccessorImpl.invoke[DelegatingMethodAccessorImpl.java:43]
	at java.lang.reflect.Method.invoke[Method.java:498]
	at org.apache.tools.ant.dispatch.DispatchUtils.execute[DispatchUtils.java:106]
	at org.apache.tools.ant.Task.perform[Task.java:350]
	at org.apache.tools.ant.Target.execute[Target.java:448]
	at org.apache.tools.ant.Target.performTasks[Target.java:469]
	at org.apache.tools.ant.Project.executeSortedTargets[Project.java:1399]
	at org.apache.tools.ant.Project.executeTarget[Project.java:1370]
	at org.apache.tools.ant.helper.DefaultExecutor.executeTargets[DefaultExecutor.java:41]
	at org.eclipse.ant.internal.core.ant.EclipseDefaultExecutor.executeTargets[EclipseDefaultExecutor.java:36]
	at org.apache.tools.ant.Project.executeTargets[Project.java:1260]
	at org.eclipse.ant.internal.core.ant.InternalAntRunner.run[InternalAntRunner.java:712]
	at org.eclipse.ant.internal.core.ant.InternalAntRunner.run[InternalAntRunner.java:532]
	at sun.reflect.NativeMethodAccessorImpl.invoke0[Native Method]
	at sun.reflect.NativeMethodAccessorImpl.invoke[NativeMethodAccessorImpl.java:62]
	at sun.reflect.DelegatingMethodAccessorImpl.invoke[DelegatingMethodAccessorImpl.java:43]
	at java.lang.reflect.Method.invoke[Method.java:498]
	at org.eclipse.ant.core.AntRunner.run[AntRunner.java:371]
	at org.eclipse.ant.internal.launching.launchConfigurations.AntLaunchDelegate.lambda$0[AntLaunchDelegate.java:268]
	at java.lang.Thread.run[Thread.java:748]
&#13;
	at (/Users/zhangpengyu/Downloads/org.eclipse.epsilon-1.51/plugins/org.eclipse.epsilon.eol.engine/src/org/eclipse/epsilon/eol/coverage/test_spider.eunit@9:1-9:28)&#13;
	at (/Users/zhangpengyu/Downloads/org.eclipse.epsilon-1.51/plugins/org.eclipse.epsilon.eol.engine/src/org/eclipse/epsilon/eol/coverage/test_spider.eunit@9:1-9:28)&#13;
	at (/Users/zhangpengyu/Downloads/org.eclipse.epsilon-1.51/plugins/org.eclipse.epsilon.eol.engine/src/org/eclipse/epsilon/eol/coverage/test_spider.eunit@8:21-11:1)&#13;
	at (/Users/zhangpengyu/Downloads/org.eclipse.epsilon-1.51/plugins/org.eclipse.epsilon.eol.engine/src/org/eclipse/epsilon/eol/coverage/test_spider.eunit@4:1-4:24)&#13;
	at (/Users/zhangpengyu/Downloads/org.eclipse.epsilon-1.51/plugins/org.eclipse.epsilon.eol.engine/src/org/eclipse/epsilon/eol/coverage/test_spider.eunit@4:1-4:24)&#13;
	at (/Users/zhangpengyu/Downloads/org.eclipse.epsilon-1.51/plugins/org.eclipse.epsilon.eol.engine/src/org/eclipse/epsilon/eol/coverage/test_spider.eunit@3:21-5:1)&#13;
	at (/Users/zhangpengyu/Downloads/org.eclipse.epsilon-1.51/plugins/org.eclipse.epsilon.eol.engine/src/org/eclipse/epsilon/eol/coverage/test_spider.eunit@1:0-11:1)&#13;

	at org.eclipse.epsilon.eol.execute.operations.contributors.BasicEUnitOperationContributor.compareGeneric(BasicEUnitOperationContributor.java:96)
	at org.eclipse.epsilon.eol.execute.operations.contributors.BasicEUnitOperationContributor.assertEquals(BasicEUnitOperationContributor.java:53)
	at org.eclipse.epsilon.eol.execute.operations.contributors.BasicEUnitOperationContributor.assertEquals(BasicEUnitOperationContributor.java:49)
	at sun.reflect.NativeMethodAccessorImpl.invoke0(Native Method)
	at sun.reflect.NativeMethodAccessorImpl.invoke(NativeMethodAccessorImpl.java:62)
	at sun.reflect.DelegatingMethodAccessorImpl.invoke(DelegatingMethodAccessorImpl.java:43)
	at java.lang.reflect.Method.invoke(Method.java:498)
	at org.eclipse.epsilon.eol.util.ReflectionUtil.executeMethod(ReflectionUtil.java:186)
	at org.eclipse.epsilon.eol.util.ReflectionUtil.executeMethod(ReflectionUtil.java:162)
	at org.eclipse.epsilon.eol.execute.introspection.java.ObjectMethod.execute(ObjectMethod.java:48)
	at org.eclipse.epsilon.eol.dom.OperationCallExpression.execute(OperationCallExpression.java:145)
	at org.eclipse.epsilon.eol.execute.ExecutorFactory.execute(ExecutorFactory.java:99)
	at org.eclipse.epsilon.eol.dom.ExpressionStatement.execute(ExpressionStatement.java:33)
	at org.eclipse.epsilon.eol.execute.ExecutorFactory.execute(ExecutorFactory.java:99)
	at org.eclipse.epsilon.eol.dom.StatementBlock.execute(StatementBlock.java:58)
	at org.eclipse.epsilon.eol.execute.ExecutorFactory.execute(ExecutorFactory.java:99)
	at org.eclipse.epsilon.eol.dom.Operation.executeBody(Operation.java:200)
	at org.eclipse.epsilon.eol.dom.Operation.execute(Operation.java:183)
	at org.eclipse.epsilon.eunit.EUnitModule.runLeafTestCase(EUnitModule.java:415)
	at org.eclipse.epsilon.eunit.EUnitModule.runSuiteInternal(EUnitModule.java:343)
	at org.eclipse.epsilon.eunit.EUnitModule.runSuite(EUnitModule.java:167)
	at org.eclipse.epsilon.eunit.EUnitModule.runInnerTestCase(EUnitModule.java:370)
	at org.eclipse.epsilon.eunit.EUnitModule.runSuiteInternal(EUnitModule.java:345)
	at org.eclipse.epsilon.eunit.EUnitModule.runSuite(EUnitModule.java:167)
	at org.eclipse.epsilon.eunit.EUnitModule.executeImpl(EUnitModule.java:128)
	at org.eclipse.epsilon.eol.execute.ExecutorFactory.execute(ExecutorFactory.java:102)
	at org.eclipse.epsilon.eol.EolModule.execute(EolModule.java:413)
	at org.eclipse.epsilon.workflow.tasks.ExecutableModuleTask.executeImpl(ExecutableModuleTask.java:216)
	at org.eclipse.epsilon.workflow.tasks.EpsilonTask.execute(EpsilonTask.java:39)
	at org.apache.tools.ant.UnknownElement.execute(UnknownElement.java:292)
	at sun.reflect.NativeMethodAccessorImpl.invoke0(Native Method)
	at sun.reflect.NativeMethodAccessorImpl.invoke(NativeMethodAccessorImpl.java:62)
	at sun.reflect.DelegatingMethodAccessorImpl.invoke(DelegatingMethodAccessorImpl.java:43)
	at java.lang.reflect.Method.invoke(Method.java:498)
	at org.apache.tools.ant.dispatch.DispatchUtils.execute(DispatchUtils.java:106)
	at org.apache.tools.ant.Task.perform(Task.java:350)
	at org.apache.tools.ant.Target.execute(Target.java:448)
	at org.apache.tools.ant.Target.performTasks(Target.java:469)
	at org.apache.tools.ant.Project.executeSortedTargets(Project.java:1399)
	at org.apache.tools.ant.Project.executeTarget(Project.java:1370)
	at org.apache.tools.ant.helper.DefaultExecutor.executeTargets(DefaultExecutor.java:41)
	at org.eclipse.ant.internal.core.ant.EclipseDefaultExecutor.executeTargets(EclipseDefaultExecutor.java:36)
	at org.apache.tools.ant.Project.executeTargets(Project.java:1260)
	at org.eclipse.ant.internal.core.ant.InternalAntRunner.run(InternalAntRunner.java:712)
	at org.eclipse.ant.internal.core.ant.InternalAntRunner.run(InternalAntRunner.java:532)
	at sun.reflect.NativeMethodAccessorImpl.invoke0(Native Method)
	at sun.reflect.NativeMethodAccessorImpl.invoke(NativeMethodAccessorImpl.java:62)
	at sun.reflect.DelegatingMethodAccessorImpl.invoke(DelegatingMethodAccessorImpl.java:43)
	at java.lang.reflect.Method.invoke(Method.java:498)
	at org.eclipse.ant.core.AntRunner.run(AntRunner.java:371)
	at org.eclipse.ant.internal.launching.launchConfigurations.AntLaunchDelegate.lambda$0(AntLaunchDelegate.java:268)
	at java.lang.Thread.run(Thread.java:748)
Caused by: Expected 5050, but got 5500 instead
	... 52 more
</failure></testcase><system-out/><system-err>Test testCase1 {} failed with status FAILURE: Internal error: Expected 0, but got 1 instead
	at org.eclipse.epsilon.eol.execute.operations.contributors.BasicEUnitOperationContributor.compareGeneric[BasicEUnitOperationContributor.java:96]
	at org.eclipse.epsilon.eol.execute.operations.contributors.BasicEUnitOperationContributor.assertEquals[BasicEUnitOperationContributor.java:53]
	at org.eclipse.epsilon.eol.execute.operations.contributors.BasicEUnitOperationContributor.assertEquals[BasicEUnitOperationContributor.java:49]
	at sun.reflect.NativeMethodAccessorImpl.invoke0[Native Method]
	at sun.reflect.NativeMethodAccessorImpl.invoke[NativeMethodAccessorImpl.java:62]
	at sun.reflect.DelegatingMethodAccessorImpl.invoke[DelegatingMethodAccessorImpl.java:43]
	at java.lang.reflect.Method.invoke[Method.java:498]
	at org.eclipse.epsilon.eol.util.ReflectionUtil.executeMethod[ReflectionUtil.java:186]
	at org.eclipse.epsilon.eol.util.ReflectionUtil.executeMethod[ReflectionUtil.java:162]
	at org.eclipse.epsilon.eol.execute.introspection.java.ObjectMethod.execute[ObjectMethod.java:48]
	at org.eclipse.epsilon.eol.dom.OperationCallExpression.execute[OperationCallExpression.java:145]
	at org.eclipse.epsilon.eol.execute.ExecutorFactory.execute[ExecutorFactory.java:99]
	at org.eclipse.epsilon.eol.dom.ExpressionStatement.execute[ExpressionStatement.java:33]
	at org.eclipse.epsilon.eol.execute.ExecutorFactory.execute[ExecutorFactory.java:99]
	at org.eclipse.epsilon.eol.dom.StatementBlock.execute[StatementBlock.java:58]
	at org.eclipse.epsilon.eol.execute.ExecutorFactory.execute[ExecutorFactory.java:99]
	at org.eclipse.epsilon.eol.dom.Operation.executeBody[Operation.java:200]
	at org.eclipse.epsilon.eol.dom.Operation.execute[Operation.java:183]
	at org.eclipse.epsilon.eunit.EUnitModule.runLeafTestCase[EUnitModule.java:415]
	at org.eclipse.epsilon.eunit.EUnitModule.runSuiteInternal[EUnitModule.java:343]
	at org.eclipse.epsilon.eunit.EUnitModule.runSuite[EUnitModule.java:167]
	at org.eclipse.epsilon.eunit.EUnitModule.runInnerTestCase[EUnitModule.java:370]
	at org.eclipse.epsilon.eunit.EUnitModule.runSuiteInternal[EUnitModule.java:345]
	at org.eclipse.epsilon.eunit.EUnitModule.runSuite[EUnitModule.java:167]
	at org.eclipse.epsilon.eunit.EUnitModule.executeImpl[EUnitModule.java:128]
	at org.eclipse.epsilon.eol.execute.ExecutorFactory.execute[ExecutorFactory.java:102]
	at org.eclipse.epsilon.eol.EolModule.execute[EolModule.java:413]
	at org.eclipse.epsilon.workflow.tasks.ExecutableModuleTask.executeImpl[ExecutableModuleTask.java:216]
	at org.eclipse.epsilon.workflow.tasks.EpsilonTask.execute[EpsilonTask.java:39]
	at org.apache.tools.ant.UnknownElement.execute[UnknownElement.java:292]
	at sun.reflect.NativeMethodAccessorImpl.invoke0[Native Method]
	at sun.reflect.NativeMethodAccessorImpl.invoke[NativeMethodAccessorImpl.java:62]
	at sun.reflect.DelegatingMethodAccessorImpl.invoke[DelegatingMethodAccessorImpl.java:43]
	at java.lang.reflect.Method.invoke[Method.java:498]
	at org.apache.tools.ant.dispatch.DispatchUtils.execute[DispatchUtils.java:106]
	at org.apache.tools.ant.Task.perform[Task.java:350]
	at org.apache.tools.ant.Target.execute[Target.java:448]
	at org.apache.tools.ant.Target.performTasks[Target.java:469]
	at org.apache.tools.ant.Project.executeSortedTargets[Project.java:1399]
	at org.apache.tools.ant.Project.executeTarget[Project.java:1370]
	at org.apache.tools.ant.helper.DefaultExecutor.executeTargets[DefaultExecutor.java:41]
	at org.eclipse.ant.internal.core.ant.EclipseDefaultExecutor.executeTargets[EclipseDefaultExecutor.java:36]
	at org.apache.tools.ant.Project.executeTargets[Project.java:1260]
	at org.eclipse.ant.internal.core.ant.InternalAntRunner.run[InternalAntRunner.java:712]
	at org.eclipse.ant.internal.core.ant.InternalAntRunner.run[InternalAntRunner.java:532]
	at sun.reflect.NativeMethodAccessorImpl.invoke0[Native Method]
	at sun.reflect.NativeMethodAccessorImpl.invoke[NativeMethodAccessorImpl.java:62]
	at sun.reflect.DelegatingMethodAccessorImpl.invoke[DelegatingMethodAccessorImpl.java:43]
	at java.lang.reflect.Method.invoke[Method.java:498]
	at org.eclipse.ant.core.AntRunner.run[AntRunner.java:371]
	at org.eclipse.ant.internal.launching.launchConfigurations.AntLaunchDelegate.lambda$0[AntLaunchDelegate.java:268]
	at java.lang.Thread.run[Thread.java:748]
&#13;
	at (/Users/zhangpengyu/Downloads/org.eclipse.epsilon-1.51/plugins/org.eclipse.epsilon.eol.engine/src/org/eclipse/epsilon/eol/coverage/test_spider.eunit@4:1-4:24)&#13;
	at (/Users/zhangpengyu/Downloads/org.eclipse.epsilon-1.51/plugins/org.eclipse.epsilon.eol.engine/src/org/eclipse/epsilon/eol/coverage/test_spider.eunit@4:1-4:24)&#13;
	at (/Users/zhangpengyu/Downloads/org.eclipse.epsilon-1.51/plugins/org.eclipse.epsilon.eol.engine/src/org/eclipse/epsilon/eol/coverage/test_spider.eunit@3:21-5:1)&#13;
	at (/Users/zhangpengyu/Downloads/org.eclipse.epsilon-1.51/plugins/org.eclipse.epsilon.eol.engine/src/org/eclipse/epsilon/eol/coverage/test_spider.eunit@1:0-11:1)&#13;

Test testCase2 {} failed with status FAILURE: Internal error: Expected 5050, but got 5500 instead
	at org.eclipse.epsilon.eol.execute.operations.contributors.BasicEUnitOperationContributor.compareGeneric[BasicEUnitOperationContributor.java:96]
	at org.eclipse.epsilon.eol.execute.operations.contributors.BasicEUnitOperationContributor.assertEquals[BasicEUnitOperationContributor.java:53]
	at org.eclipse.epsilon.eol.execute.operations.contributors.BasicEUnitOperationContributor.assertEquals[BasicEUnitOperationContributor.java:49]
	at sun.reflect.NativeMethodAccessorImpl.invoke0[Native Method]
	at sun.reflect.NativeMethodAccessorImpl.invoke[NativeMethodAccessorImpl.java:62]
	at sun.reflect.DelegatingMethodAccessorImpl.invoke[DelegatingMethodAccessorImpl.java:43]
	at java.lang.reflect.Method.invoke[Method.java:498]
	at org.eclipse.epsilon.eol.util.ReflectionUtil.executeMethod[ReflectionUtil.java:186]
	at org.eclipse.epsilon.eol.util.ReflectionUtil.executeMethod[ReflectionUtil.java:162]
	at org.eclipse.epsilon.eol.execute.introspection.java.ObjectMethod.execute[ObjectMethod.java:48]
	at org.eclipse.epsilon.eol.dom.OperationCallExpression.execute[OperationCallExpression.java:145]
	at org.eclipse.epsilon.eol.execute.ExecutorFactory.execute[ExecutorFactory.java:99]
	at org.eclipse.epsilon.eol.dom.ExpressionStatement.execute[ExpressionStatement.java:33]
	at org.eclipse.epsilon.eol.execute.ExecutorFactory.execute[ExecutorFactory.java:99]
	at org.eclipse.epsilon.eol.dom.StatementBlock.execute[StatementBlock.java:58]
	at org.eclipse.epsilon.eol.execute.ExecutorFactory.execute[ExecutorFactory.java:99]
	at org.eclipse.epsilon.eol.dom.Operation.executeBody[Operation.java:200]
	at org.eclipse.epsilon.eol.dom.Operation.execute[Operation.java:183]
	at org.eclipse.epsilon.eunit.EUnitModule.runLeafTestCase[EUnitModule.java:415]
	at org.eclipse.epsilon.eunit.EUnitModule.runSuiteInternal[EUnitModule.java:343]
	at org.eclipse.epsilon.eunit.EUnitModule.runSuite[EUnitModule.java:167]
	at org.eclipse.epsilon.eunit.EUnitModule.runInnerTestCase[EUnitModule.java:370]
	at org.eclipse.epsilon.eunit.EUnitModule.runSuiteInternal[EUnitModule.java:345]
	at org.eclipse.epsilon.eunit.EUnitModule.runSuite[EUnitModule.java:167]
	at org.eclipse.epsilon.eunit.EUnitModule.executeImpl[EUnitModule.java:128]
	at org.eclipse.epsilon.eol.execute.ExecutorFactory.execute[ExecutorFactory.java:102]
	at org.eclipse.epsilon.eol.EolModule.execute[EolModule.java:413]
	at org.eclipse.epsilon.workflow.tasks.ExecutableModuleTask.executeImpl[ExecutableModuleTask.java:216]
	at org.eclipse.epsilon.workflow.tasks.EpsilonTask.execute[EpsilonTask.java:39]
	at org.apache.tools.ant.UnknownElement.execute[UnknownElement.java:292]
	at sun.reflect.NativeMethodAccessorImpl.invoke0[Native Method]
	at sun.reflect.NativeMethodAccessorImpl.invoke[NativeMethodAccessorImpl.java:62]
	at sun.reflect.DelegatingMethodAccessorImpl.invoke[DelegatingMethodAccessorImpl.java:43]
	at java.lang.reflect.Method.invoke[Method.java:498]
	at org.apache.tools.ant.dispatch.DispatchUtils.execute[DispatchUtils.java:106]
	at org.apache.tools.ant.Task.perform[Task.java:350]
	at org.apache.tools.ant.Target.execute[Target.java:448]
	at org.apache.tools.ant.Target.performTasks[Target.java:469]
	at org.apache.tools.ant.Project.executeSortedTargets[Project.java:1399]
	at org.apache.tools.ant.Project.executeTarget[Project.java:1370]
	at org.apache.tools.ant.helper.DefaultExecutor.executeTargets[DefaultExecutor.java:41]
	at org.eclipse.ant.internal.core.ant.EclipseDefaultExecutor.executeTargets[EclipseDefaultExecutor.java:36]
	at org.apache.tools.ant.Project.executeTargets[Project.java:1260]
	at org.eclipse.ant.internal.core.ant.InternalAntRunner.run[InternalAntRunner.java:712]
	at org.eclipse.ant.internal.core.ant.InternalAntRunner.run[InternalAntRunner.java:532]
	at sun.reflect.NativeMethodAccessorImpl.invoke0[Native Method]
	at sun.reflect.NativeMethodAccessorImpl.invoke[NativeMethodAccessorImpl.java:62]
	at sun.reflect.DelegatingMethodAccessorImpl.invoke[DelegatingMethodAccessorImpl.java:43]
	at java.lang.reflect.Method.invoke[Method.java:498]
	at org.eclipse.ant.core.AntRunner.run[AntRunner.java:371]
	at org.eclipse.ant.internal.launching.launchConfigurations.AntLaunchDelegate.lambda$0[AntLaunchDelegate.java:268]
	at java.lang.Thread.run[Thread.java:748]
&#13;
	at (/Users/zhangpengyu/Downloads/org.eclipse.epsilon-1.51/plugins/org.eclipse.epsilon.eol.engine/src/org/eclipse/epsilon/eol/coverage/test_spider.eunit@9:1-9:28)&#13;
	at (/Users/zhangpengyu/Downloads/org.eclipse.epsilon-1.51/plugins/org.eclipse.epsilon.eol.engine/src/org/eclipse/epsilon/eol/coverage/test_spider.eunit@9:1-9:28)&#13;
	at (/Users/zhangpengyu/Downloads/org.eclipse.epsilon-1.51/plugins/org.eclipse.epsilon.eol.engine/src/org/eclipse/epsilon/eol/coverage/test_spider.eunit@8:21-11:1)&#13;
	at (/Users/zhangpengyu/Downloads/org.eclipse.epsilon-1.51/plugins/org.eclipse.epsilon.eol.engine/src/org/eclipse/epsilon/eol/coverage/test_spider.eunit@4:1-4:24)&#13;
	at (/Users/zhangpengyu/Downloads/org.eclipse.epsilon-1.51/plugins/org.eclipse.epsilon.eol.engine/src/org/eclipse/epsilon/eol/coverage/test_spider.eunit@4:1-4:24)&#13;
	at (/Users/zhangpengyu/Downloads/org.eclipse.epsilon-1.51/plugins/org.eclipse.epsilon.eol.engine/src/org/eclipse/epsilon/eol/coverage/test_spider.eunit@3:21-5:1)&#13;
	at (/Users/zhangpengyu/Downloads/org.eclipse.epsilon-1.51/plugins/org.eclipse.epsilon.eol.engine/src/org/eclipse/epsilon/eol/coverage/test_spider.eunit@1:0-11:1)&#13;

Test root {} failed with status FAILURE: Internal error: Expected 5050, but got 5500 instead
	at org.eclipse.epsilon.eol.execute.operations.contributors.BasicEUnitOperationContributor.compareGeneric[BasicEUnitOperationContributor.java:96]
	at org.eclipse.epsilon.eol.execute.operations.contributors.BasicEUnitOperationContributor.assertEquals[BasicEUnitOperationContributor.java:53]
	at org.eclipse.epsilon.eol.execute.operations.contributors.BasicEUnitOperationContributor.assertEquals[BasicEUnitOperationContributor.java:49]
	at sun.reflect.NativeMethodAccessorImpl.invoke0[Native Method]
	at sun.reflect.NativeMethodAccessorImpl.invoke[NativeMethodAccessorImpl.java:62]
	at sun.reflect.DelegatingMethodAccessorImpl.invoke[DelegatingMethodAccessorImpl.java:43]
	at java.lang.reflect.Method.invoke[Method.java:498]
	at org.eclipse.epsilon.eol.util.ReflectionUtil.executeMethod[ReflectionUtil.java:186]
	at org.eclipse.epsilon.eol.util.ReflectionUtil.executeMethod[ReflectionUtil.java:162]
	at org.eclipse.epsilon.eol.execute.introspection.java.ObjectMethod.execute[ObjectMethod.java:48]
	at org.eclipse.epsilon.eol.dom.OperationCallExpression.execute[OperationCallExpression.java:145]
	at org.eclipse.epsilon.eol.execute.ExecutorFactory.execute[ExecutorFactory.java:99]
	at org.eclipse.epsilon.eol.dom.ExpressionStatement.execute[ExpressionStatement.java:33]
	at org.eclipse.epsilon.eol.execute.ExecutorFactory.execute[ExecutorFactory.java:99]
	at org.eclipse.epsilon.eol.dom.StatementBlock.execute[StatementBlock.java:58]
	at org.eclipse.epsilon.eol.execute.ExecutorFactory.execute[ExecutorFactory.java:99]
	at org.eclipse.epsilon.eol.dom.Operation.executeBody[Operation.java:200]
	at org.eclipse.epsilon.eol.dom.Operation.execute[Operation.java:183]
	at org.eclipse.epsilon.eunit.EUnitModule.runLeafTestCase[EUnitModule.java:415]
	at org.eclipse.epsilon.eunit.EUnitModule.runSuiteInternal[EUnitModule.java:343]
	at org.eclipse.epsilon.eunit.EUnitModule.runSuite[EUnitModule.java:167]
	at org.eclipse.epsilon.eunit.EUnitModule.runInnerTestCase[EUnitModule.java:370]
	at org.eclipse.epsilon.eunit.EUnitModule.runSuiteInternal[EUnitModule.java:345]
	at org.eclipse.epsilon.eunit.EUnitModule.runSuite[EUnitModule.java:167]
	at org.eclipse.epsilon.eunit.EUnitModule.executeImpl[EUnitModule.java:128]
	at org.eclipse.epsilon.eol.execute.ExecutorFactory.execute[ExecutorFactory.java:102]
	at org.eclipse.epsilon.eol.EolModule.execute[EolModule.java:413]
	at org.eclipse.epsilon.workflow.tasks.ExecutableModuleTask.executeImpl[ExecutableModuleTask.java:216]
	at org.eclipse.epsilon.workflow.tasks.EpsilonTask.execute[EpsilonTask.java:39]
	at org.apache.tools.ant.UnknownElement.execute[UnknownElement.java:292]
	at sun.reflect.NativeMethodAccessorImpl.invoke0[Native Method]
	at sun.reflect.NativeMethodAccessorImpl.invoke[NativeMethodAccessorImpl.java:62]
	at sun.reflect.DelegatingMethodAccessorImpl.invoke[DelegatingMethodAccessorImpl.java:43]
	at java.lang.reflect.Method.invoke[Method.java:498]
	at org.apache.tools.ant.dispatch.DispatchUtils.execute[DispatchUtils.java:106]
	at org.apache.tools.ant.Task.perform[Task.java:350]
	at org.apache.tools.ant.Target.execute[Target.java:448]
	at org.apache.tools.ant.Target.performTasks[Target.java:469]
	at org.apache.tools.ant.Project.executeSortedTargets[Project.java:1399]
	at org.apache.tools.ant.Project.executeTarget[Project.java:1370]
	at org.apache.tools.ant.helper.DefaultExecutor.executeTargets[DefaultExecutor.java:41]
	at org.eclipse.ant.internal.core.ant.EclipseDefaultExecutor.executeTargets[EclipseDefaultExecutor.java:36]
	at org.apache.tools.ant.Project.executeTargets[Project.java:1260]
	at org.eclipse.ant.internal.core.ant.InternalAntRunner.run[InternalAntRunner.java:712]
	at org.eclipse.ant.internal.core.ant.InternalAntRunner.run[InternalAntRunner.java:532]
	at sun.reflect.NativeMethodAccessorImpl.invoke0[Native Method]
	at sun.reflect.NativeMethodAccessorImpl.invoke[NativeMethodAccessorImpl.java:62]
	at sun.reflect.DelegatingMethodAccessorImpl.invoke[DelegatingMethodAccessorImpl.java:43]
	at java.lang.reflect.Method.invoke[Method.java:498]
	at org.eclipse.ant.core.AntRunner.run[AntRunner.java:371]
	at org.eclipse.ant.internal.launching.launchConfigurations.AntLaunchDelegate.lambda$0[AntLaunchDelegate.java:268]
	at java.lang.Thread.run[Thread.java:748]
&#13;
	at (/Users/zhangpengyu/Downloads/org.eclipse.epsilon-1.51/plugins/org.eclipse.epsilon.eol.engine/src/org/eclipse/epsilon/eol/coverage/test_spider.eunit@9:1-9:28)&#13;
	at (/Users/zhangpengyu/Downloads/org.eclipse.epsilon-1.51/plugins/org.eclipse.epsilon.eol.engine/src/org/eclipse/epsilon/eol/coverage/test_spider.eunit@9:1-9:28)&#13;
	at (/Users/zhangpengyu/Downloads/org.eclipse.epsilon-1.51/plugins/org.eclipse.epsilon.eol.engine/src/org/eclipse/epsilon/eol/coverage/test_spider.eunit@8:21-11:1)&#13;
	at (/Users/zhangpengyu/Downloads/org.eclipse.epsilon-1.51/plugins/org.eclipse.epsilon.eol.engine/src/org/eclipse/epsilon/eol/coverage/test_spider.eunit@4:1-4:24)&#13;
	at (/Users/zhangpengyu/Downloads/org.eclipse.epsilon-1.51/plugins/org.eclipse.epsilon.eol.engine/src/org/eclipse/epsilon/eol/coverage/test_spider.eunit@4:1-4:24)&#13;
	at (/Users/zhangpengyu/Downloads/org.eclipse.epsilon-1.51/plugins/org.eclipse.epsilon.eol.engine/src/org/eclipse/epsilon/eol/coverage/test_spider.eunit@3:21-5:1)&#13;
	at (/Users/zhangpengyu/Downloads/org.eclipse.epsilon-1.51/plugins/org.eclipse.epsilon.eol.engine/src/org/eclipse/epsilon/eol/coverage/test_spider.eunit@1:0-11:1)&#13;

</system-err></testsuite>